2025-11-16T12:23:50.829Z thumbsup:warn magick (https://imagemagick.org) is not installed. You will not be able to process HEIC images.
2025-11-16T12:23:50.829Z thumbsup:warn ffmpeg (https://www.ffmpeg.org) is not installed. You will not be able to process videos.
2025-11-16T12:23:50.829Z thumbsup:warn gifsicle (http://www.lcdf.org/gifsicle) is not installed. You will not be able to process animated GIFs.
2025-11-16T12:23:50.829Z thumbsup:warn dcraw (https://www.cybercom.net/~dcoffin/dcraw/) is not installed. You will not be able to process RAW photos.
2025-11-16T12:23:57.545Z thumbsup:error Error processing Maine 2025/Maine00053.jpeg -> media/thumbs/Maine 2025/Maine00053.jpeg
2025-11-16T12:23:57.545Z thumbsup:error Error: Command failed: gm identify: Not a JPEG file: starts with 0x46 0x55 (/Users/dalehassinger/Documents/GitHub/thumbsup/photos/Maine 2025/Maine00053.jpeg).
2025-11-16T12:23:57.545Z thumbsup:error gm identify: Request did not return an image.
2025-11-16T12:23:57.545Z thumbsup:error 
2025-11-16T12:23:57.554Z thumbsup:error Error processing Maine 2025/Maine00053.jpeg -> media/small/Maine 2025/Maine00053.jpeg
2025-11-16T12:23:57.554Z thumbsup:error Error: Command failed: gm identify: Not a JPEG file: starts with 0x46 0x55 (/Users/dalehassinger/Documents/GitHub/thumbsup/photos/Maine 2025/Maine00053.jpeg).
2025-11-16T12:23:57.554Z thumbsup:error gm identify: Request did not return an image.
2025-11-16T12:23:57.554Z thumbsup:error 
2025-11-16T12:23:57.557Z thumbsup:error Error processing Maine 2025/Maine00053.jpeg -> media/large/Maine 2025/Maine00053.jpeg
2025-11-16T12:23:57.557Z thumbsup:error Error: Command failed: gm identify: Not a JPEG file: starts with 0x46 0x55 (/Users/dalehassinger/Documents/GitHub/thumbsup/photos/Maine 2025/Maine00053.jpeg).
2025-11-16T12:23:57.557Z thumbsup:error gm identify: Request did not return an image.
2025-11-16T12:23:57.557Z thumbsup:error 
2025-11-16T12:24:01.207Z thumbsup:error Error processing Maine 2025/Maine00058.jpeg -> media/thumbs/Maine 2025/Maine00058.jpeg
2025-11-16T12:24:01.207Z thumbsup:error Error: Command failed: gm identify: Not a JPEG file: starts with 0x46 0x55 (/Users/dalehassinger/Documents/GitHub/thumbsup/photos/Maine 2025/Maine00058.jpeg).
2025-11-16T12:24:01.207Z thumbsup:error gm identify: Request did not return an image.
2025-11-16T12:24:01.207Z thumbsup:error 
2025-11-16T12:24:01.214Z thumbsup:error Error processing Maine 2025/Maine00058.jpeg -> media/small/Maine 2025/Maine00058.jpeg
2025-11-16T12:24:01.214Z thumbsup:error Error: Command failed: gm identify: Not a JPEG file: starts with 0x46 0x55 (/Users/dalehassinger/Documents/GitHub/thumbsup/photos/Maine 2025/Maine00058.jpeg).
2025-11-16T12:24:01.214Z thumbsup:error gm identify: Request did not return an image.
2025-11-16T12:24:01.214Z thumbsup:error 
2025-11-16T12:24:01.215Z thumbsup:error Error processing Maine 2025/Maine00058.jpeg -> media/large/Maine 2025/Maine00058.jpeg
2025-11-16T12:24:01.215Z thumbsup:error Error: Command failed: gm identify: Not a JPEG file: starts with 0x46 0x55 (/Users/dalehassinger/Documents/GitHub/thumbsup/photos/Maine 2025/Maine00058.jpeg).
2025-11-16T12:24:01.215Z thumbsup:error gm identify: Request did not return an image.
2025-11-16T12:24:01.215Z thumbsup:error 
2025-11-16T12:24:08.642Z thumbsup:error Error processing Maine 2025/Maine00062.jpeg -> media/thumbs/Maine 2025/Maine00062.jpeg
2025-11-16T12:24:08.642Z thumbsup:error Error: Command failed: gm identify: Not a JPEG file: starts with 0x46 0x55 (/Users/dalehassinger/Documents/GitHub/thumbsup/photos/Maine 2025/Maine00062.jpeg).
2025-11-16T12:24:08.642Z thumbsup:error gm identify: Request did not return an image.
2025-11-16T12:24:08.642Z thumbsup:error 
2025-11-16T12:24:08.651Z thumbsup:error Error processing Maine 2025/Maine00062.jpeg -> media/small/Maine 2025/Maine00062.jpeg
2025-11-16T12:24:08.651Z thumbsup:error Error: Command failed: gm identify: Not a JPEG file: starts with 0x46 0x55 (/Users/dalehassinger/Documents/GitHub/thumbsup/photos/Maine 2025/Maine00062.jpeg).
2025-11-16T12:24:08.651Z thumbsup:error gm identify: Request did not return an image.
2025-11-16T12:24:08.651Z thumbsup:error 
2025-11-16T12:24:08.663Z thumbsup:error Error processing Maine 2025/Maine00062.jpeg -> media/large/Maine 2025/Maine00062.jpeg
2025-11-16T12:24:08.663Z thumbsup:error Error: Command failed: gm identify: Not a JPEG file: starts with 0x46 0x55 (/Users/dalehassinger/Documents/GitHub/thumbsup/photos/Maine 2025/Maine00062.jpeg).
2025-11-16T12:24:08.663Z thumbsup:error gm identify: Request did not return an image.
2025-11-16T12:24:08.663Z thumbsup:error 
2025-11-16T12:24:17.559Z thumbsup:error Error processing Maine 2025/Maine00077.jpeg -> media/thumbs/Maine 2025/Maine00077.jpeg
2025-11-16T12:24:17.559Z thumbsup:error Error: Command failed: gm identify: Not a JPEG file: starts with 0x46 0x55 (/Users/dalehassinger/Documents/GitHub/thumbsup/photos/Maine 2025/Maine00077.jpeg).
2025-11-16T12:24:17.559Z thumbsup:error gm identify: Request did not return an image.
2025-11-16T12:24:17.559Z thumbsup:error 
2025-11-16T12:24:17.568Z thumbsup:error Error processing Maine 2025/Maine00077.jpeg -> media/large/Maine 2025/Maine00077.jpeg
2025-11-16T12:24:17.568Z thumbsup:error Error: Command failed: gm identify: Not a JPEG file: starts with 0x46 0x55 (/Users/dalehassinger/Documents/GitHub/thumbsup/photos/Maine 2025/Maine00077.jpeg).
2025-11-16T12:24:17.568Z thumbsup:error gm identify: Request did not return an image.
2025-11-16T12:24:17.568Z thumbsup:error 
2025-11-16T12:24:17.569Z thumbsup:error Error processing Maine 2025/Maine00077.jpeg -> media/small/Maine 2025/Maine00077.jpeg
2025-11-16T12:24:17.569Z thumbsup:error Error: Command failed: gm identify: Not a JPEG file: starts with 0x46 0x55 (/Users/dalehassinger/Documents/GitHub/thumbsup/photos/Maine 2025/Maine00077.jpeg).
2025-11-16T12:24:17.569Z thumbsup:error gm identify: Request did not return an image.
2025-11-16T12:24:17.569Z thumbsup:error 
2025-11-16T12:24:19.254Z thumbsup:warn The following sources files were not processed:
2025-11-16T12:24:19.254Z thumbsup:warn Maine 2025/Maine00053.jpeg,Maine 2025/Maine00058.jpeg,Maine 2025/Maine00062.jpeg,Maine 2025/Maine00077.jpeg
